Using pre-set license
Built from '2021.3/staging' branch; Version is '2021.3.8f1 (b30333d56e81) revision 11731763'; Using compiler version '192829333'; Build Type 'Release'
OS: 'Windows 10  (10.0.19043) 64bit Professional' Language: 'en' Physical Memory: 16311 MB
BatchMode: 1, IsHumanControllingUs: 0, StartBugReporterOnCrash: 0, Is64bit: 1, IsPro: 1

COMMAND LINE ARGUMENTS:
D:\Unity\Editor\2021.3.8f1\Editor\Unity.exe
-adb2
-batchMode
-noUpm
-name
AssetImportWorker4
-projectPath
E:/Unity Games/Game24-Brick2048
-logFile
Logs/AssetImportWorker4.log
-srvPort
54486
Successfully changed project path to: E:/Unity Games/Game24-Brick2048
E:/Unity Games/Game24-Brick2048
[UnityMemory] Configuration Parameters - Can be set up in boot.config
    "memorysetup-bucket-allocator-granularity=16"
    "memorysetup-bucket-allocator-bucket-count=8"
    "memorysetup-bucket-allocator-block-size=33554432"
    "memorysetup-bucket-allocator-block-count=8"
    "memorysetup-main-allocator-block-size=16777216"
    "memorysetup-thread-allocator-block-size=16777216"
    "memorysetup-gfx-main-allocator-block-size=16777216"
    "memorysetup-gfx-thread-allocator-block-size=16777216"
    "memorysetup-cache-allocator-block-size=4194304"
    "memorysetup-typetree-allocator-block-size=2097152"
    "memorysetup-profiler-bucket-allocator-granularity=16"
    "memorysetup-profiler-bucket-allocator-bucket-count=8"
    "memorysetup-profiler-bucket-allocator-block-size=33554432"
    "memorysetup-profiler-bucket-allocator-block-count=8"
    "memorysetup-profiler-allocator-block-size=16777216"
    "memorysetup-profiler-editor-allocator-block-size=1048576"
    "memorysetup-temp-allocator-size-main=16777216"
    "memorysetup-job-temp-allocator-block-size=2097152"
    "memorysetup-job-temp-allocator-block-size-background=1048576"
    "memorysetup-job-temp-allocator-reduction-small-platforms=262144"
    "memorysetup-temp-allocator-size-background-worker=32768"
    "memorysetup-temp-allocator-size-job-worker=262144"
    "memorysetup-temp-allocator-size-preload-manager=33554432"
    "memorysetup-temp-allocator-size-nav-mesh-worker=65536"
    "memorysetup-temp-allocator-size-audio-worker=65536"
    "memorysetup-temp-allocator-size-cloud-worker=32768"
    "memorysetup-temp-allocator-size-gi-baking-worker=262144"
    "memorysetup-temp-allocator-size-gfx=262144"
Refreshing native plugins compatible for Editor in 112.05 ms, found 4 plugins.
Preloading 0 native plugins for Editor in 0.00 ms.
Initialize engine version: 2021.3.8f1 (b30333d56e81)
[Subsystems] Discovering subsystems at path D:/Unity/Editor/2021.3.8f1/Editor/Data/Resources/UnitySubsystems
[Subsystems] Discovering subsystems at path E:/Unity Games/Game24-Brick2048/Assets
GfxDevice: creating device client; threaded=0; jobified=0
Direct3D:
    Version:  Direct3D 11.0 [level 11.1]
    Renderer: NVIDIA GeForce GTX 1650 (ID=0x1f82)
    Vendor:   NVIDIA
    VRAM:     3962 MB
    Driver:   27.21.14.5751
Initialize mono
Mono path[0] = 'D:/Unity/Editor/2021.3.8f1/Editor/Data/Managed'
Mono path[1] = 'D:/Unity/Editor/2021.3.8f1/Editor/Data/MonoBleedingEdge/lib/mono/unityjit-win32'
Mono config path = 'D:/Unity/Editor/2021.3.8f1/Editor/Data/MonoBleedingEdge/etc'
Using monoOptions --debugger-agent=transport=dt_socket,embedding=1,server=y,suspend=n,address=127.0.0.1:56020
Begin MonoManager ReloadAssembly
Registering precompiled unity dll's ...
Register platform support module: D:/Unity/Editor/2021.3.8f1/Editor/Data/PlaybackEngines/AndroidPlayer/UnityEditor.Android.Extensions.dll
Register platform support module: D:/Unity/Editor/2021.3.8f1/Editor/Data/PlaybackEngines/WindowsStandaloneSupport/UnityEditor.WindowsStandalone.Extensions.dll
Registered in 0.002591 seconds.
Native extension for WindowsStandalone target not found
Native extension for Android target not found
Refreshing native plugins compatible for Editor in 98.90 ms, found 4 plugins.
Preloading 0 native plugins for Editor in 0.00 ms.
Mono: successfully reloaded assembly
- Completed reload, in  0.598 seconds
Domain Reload Profiling:
	ReloadAssembly (599ms)
		BeginReloadAssembly (65ms)
			ExecutionOrderSort (0ms)
			DisableScriptedObjects (0ms)
			BackupInstance (0ms)
			ReleaseScriptingObjects (0ms)
			CreateAndSetChildDomain (1ms)
		EndReloadAssembly (442ms)
			LoadAssemblies (65ms)
			RebuildTransferFunctionScriptingTraits (0ms)
			SetupTypeCache (99ms)
			ReleaseScriptCaches (0ms)
			RebuildScriptCaches (25ms)
			SetupLoadedEditorAssemblies (274ms)
				LogAssemblyErrors (0ms)
				InitializePlatformSupportModulesInManaged (49ms)
				SetLoadedEditorAssemblies (0ms)
				RefreshPlugins (99ms)
				BeforeProcessingInitializeOnLoad (1ms)
				ProcessInitializeOnLoadAttributes (87ms)
				ProcessInitializeOnLoadMethodAttributes (38ms)
				AfterProcessingInitializeOnLoad (0ms)
				EditorAssembliesLoaded (0ms)
			ExecutionOrderSort2 (0ms)
			AwakeInstancesAfterBackupRestoration (0ms)
Platform modules already initialized, skipping
Registering precompiled user dll's ...
Registered in 0.004292 seconds.
Unauthorized device detected, Id: 52007098ee013547, please add debug authorization and reconnect.
Begin MonoManager ReloadAssembly
Symbol file LoadedFromMemory doesn't match image E:\Unity Games\Game24-Brick2048\Library\PackageCache\com.unity.visualscripting@1.7.8\Editor\VisualScripting.Core\Dependencies\YamlDotNet\Unity.VisualScripting.YamlDotNet.dll
Symbol file LoadedFromMemory doesn't match image E:\Unity Games\Game24-Brick2048\Library\PackageCache\com.unity.visualscripting@1.7.8\Editor\VisualScripting.Core\Dependencies\DotNetZip\Unity.VisualScripting.IonicZip.dll
Native extension for WindowsStandalone target not found
Native extension for Android target not found
Refreshing native plugins compatible for Editor in 100.64 ms, found 4 plugins.
Preloading 0 native plugins for Editor in 0.00 ms.
Package Manager log level set to [2]
Mono: successfully reloaded assembly
- Completed reload, in  1.224 seconds
Domain Reload Profiling:
	ReloadAssembly (1224ms)
		BeginReloadAssembly (191ms)
			ExecutionOrderSort (0ms)
			DisableScriptedObjects (5ms)
			BackupInstance (0ms)
			ReleaseScriptingObjects (0ms)
			CreateAndSetChildDomain (118ms)
		EndReloadAssembly (933ms)
			LoadAssemblies (68ms)
			RebuildTransferFunctionScriptingTraits (0ms)
			SetupTypeCache (228ms)
			ReleaseScriptCaches (1ms)
			RebuildScriptCaches (54ms)
			SetupLoadedEditorAssemblies (538ms)
				LogAssemblyErrors (0ms)
				InitializePlatformSupportModulesInManaged (10ms)
				SetLoadedEditorAssemblies (0ms)
				RefreshPlugins (101ms)
				BeforeProcessingInitializeOnLoad (92ms)
				ProcessInitializeOnLoadAttributes (212ms)
				ProcessInitializeOnLoadMethodAttributes (121ms)
				AfterProcessingInitializeOnLoad (2ms)
				EditorAssembliesLoaded (0ms)
			ExecutionOrderSort2 (0ms)
			AwakeInstancesAfterBackupRestoration (5ms)
Platform modules already initialized, skipping
========================================================================
Worker process is ready to serve import requests
Launched and connected shader compiler UnityShaderCompiler.exe after 0.03 seconds
Refreshing native plugins compatible for Editor in 0.85 ms, found 4 plugins.
Preloading 0 native plugins for Editor in 0.00 ms.
Unloading 4576 Unused Serialized files (Serialized files now loaded: 0)
Unloading 54 unused Assets / (222.4 KB). Loaded Objects now: 5020.
Memory consumption went from 165.1 MB to 164.9 MB.
Total: 6.023000 ms (FindLiveObjects: 0.331300 ms CreateObjectMapping: 0.257600 ms MarkObjects: 5.293800 ms  DeleteObjects: 0.139600 ms)

AssetImportParameters requested are different than current active one (requested -> active):
  custom:video-decoder-ogg-theora: a1e56fd34408186e4bbccfd4996cb3dc -> 
  custom:container-muxer-webm: aa71ff27fc2769a1b78a27578f13a17b -> 
  custom:container-demuxer-webm: 4f35f7cbe854078d1ac9338744f61a02 -> 
  custom:video-encoder-webm-vp8: eb34c28f22e8b96e1ab97ce403110664 -> 
  custom:audio-encoder-webm-vorbis: bf7c407c2cedff20999df2af8eb42d56 -> 
  custom:framework-win-MediaFoundation: 216162199b28c13a410421893ffa2e32 -> 
  custom:container-demuxer-ogg: 62fdf1f143b41e24485cea50d1cbac27 -> 
  custom:video-decoder-webm-vp8: 9c59270c3fd7afecdb556c50c9e8de78 -> 
  custom:audio-decoder-ogg-vorbis: bf7c407c2cedff20999df2af8eb42d56 -> 
========================================================================
Received Import Request.
  Time since last request: 6225.163037 seconds.
  path: Assets/PuzzleGame/Resources/Boosters/ClearBrick.asset
  artifactKey: Guid(8bd05df1072bda64cbd2694fcb431927) Importer(815301076,1909f56bfc062723c751e8b465ee728b)
Start importing Assets/PuzzleGame/Resources/Boosters/ClearBrick.asset using Guid(8bd05df1072bda64cbd2694fcb431927) Importer(815301076,1909f56bfc062723c751e8b465ee728b)  -> (artifact id: '479cc4e05a3d27692b9f2a63dd5cab6f') in 0.032713 seconds 
========================================================================
Received Import Request.
  Time since last request: 35.216193 seconds.
  path: Assets/PuzzleGame/Resources/Themes/Shared/2048.asset
  artifactKey: Guid(3438285a845ae4b4587a7b59b7ce268e) Importer(815301076,1909f56bfc062723c751e8b465ee728b)
Start importing Assets/PuzzleGame/Resources/Themes/Shared/2048.asset using Guid(3438285a845ae4b4587a7b59b7ce268e) Importer(815301076,1909f56bfc062723c751e8b465ee728b)  -> (artifact id: 'ad1cd3513dc403c3c24314d9d0b155ab') in 0.001958 seconds 
========================================================================
Received Import Request.
  Time since last request: 7.449827 seconds.
  path: Assets/PuzzleGame/Resources/Themes/Shared/Get11.asset
  artifactKey: Guid(a75fb7ebb1936c94caeca8109a4b52e0) Importer(815301076,1909f56bfc062723c751e8b465ee728b)
Start importing Assets/PuzzleGame/Resources/Themes/Shared/Get11.asset using Guid(a75fb7ebb1936c94caeca8109a4b52e0) Importer(815301076,1909f56bfc062723c751e8b465ee728b)  -> (artifact id: '6bac34bb35f01c1c2ee5a1baadc9f1a8') in 0.001602 seconds 
========================================================================
Received Import Request.
  Time since last request: 6.135663 seconds.
  path: Assets/PuzzleGame/Resources/Themes/Shared/Merged.asset
  artifactKey: Guid(41651ceddf4cc534ab1f9cf90c594a95) Importer(815301076,1909f56bfc062723c751e8b465ee728b)
Start importing Assets/PuzzleGame/Resources/Themes/Shared/Merged.asset using Guid(41651ceddf4cc534ab1f9cf90c594a95) Importer(815301076,1909f56bfc062723c751e8b465ee728b)  -> (artifact id: '969e9d3fd1a2dfbadfae7d2d79f90334') in 0.004494 seconds 
========================================================================
Received Import Request.
  Time since last request: 5.366513 seconds.
  path: Assets/PuzzleGame/Resources/Themes/Shared/Nature.asset
  artifactKey: Guid(fe3ade1af805d414f9b5ff30df11e837) Importer(815301076,1909f56bfc062723c751e8b465ee728b)
Start importing Assets/PuzzleGame/Resources/Themes/Shared/Nature.asset using Guid(fe3ade1af805d414f9b5ff30df11e837) Importer(815301076,1909f56bfc062723c751e8b465ee728b)  -> (artifact id: 'd2ce260c0cc8487684e85a55ef457cb4') in 0.004590 seconds 
========================================================================
Received Import Request.
  Time since last request: 8.873423 seconds.
  path: Assets/PuzzleGame/Resources/Themes/Shared/Nature.asset
  artifactKey: Guid(fe3ade1af805d414f9b5ff30df11e837) Importer(815301076,1909f56bfc062723c751e8b465ee728b)
Start importing Assets/PuzzleGame/Resources/Themes/Shared/Nature.asset using Guid(fe3ade1af805d414f9b5ff30df11e837) Importer(815301076,1909f56bfc062723c751e8b465ee728b)  -> (artifact id: '5a2e1969149f361b2595b1e8d1bb732c') in 0.001857 seconds 
========================================================================
Received Import Request.
  Time since last request: 4.916136 seconds.
  path: Assets/PuzzleGame/Resources/Themes/Shared/USA.asset
  artifactKey: Guid(0726fbadd63fca64a98510c24e4a43f4) Importer(815301076,1909f56bfc062723c751e8b465ee728b)
Start importing Assets/PuzzleGame/Resources/Themes/Shared/USA.asset using Guid(0726fbadd63fca64a98510c24e4a43f4) Importer(815301076,1909f56bfc062723c751e8b465ee728b)  -> (artifact id: '6268575f233a3c50e54138735474b505') in 0.005676 seconds 
========================================================================
Received Prepare
Registering precompiled user dll's ...
Registered in 0.003907 seconds.
Begin MonoManager ReloadAssembly
Symbol file LoadedFromMemory doesn't match image E:\Unity Games\Game24-Brick2048\Library\PackageCache\com.unity.visualscripting@1.7.8\Editor\VisualScripting.Core\Dependencies\YamlDotNet\Unity.VisualScripting.YamlDotNet.dll
Symbol file LoadedFromMemory doesn't match image E:\Unity Games\Game24-Brick2048\Library\PackageCache\com.unity.visualscripting@1.7.8\Editor\VisualScripting.Core\Dependencies\DotNetZip\Unity.VisualScripting.IonicZip.dll
Native extension for WindowsStandalone target not found
Native extension for Android target not found
Refreshing native plugins compatible for Editor in 0.79 ms, found 4 plugins.
Preloading 0 native plugins for Editor in 0.00 ms.
Mono: successfully reloaded assembly
- Completed reload, in  1.005 seconds
Domain Reload Profiling:
	ReloadAssembly (1006ms)
		BeginReloadAssembly (121ms)
			ExecutionOrderSort (0ms)
			DisableScriptedObjects (6ms)
			BackupInstance (0ms)
			ReleaseScriptingObjects (0ms)
			CreateAndSetChildDomain (39ms)
		EndReloadAssembly (799ms)
			LoadAssemblies (76ms)
			RebuildTransferFunctionScriptingTraits (0ms)
			SetupTypeCache (238ms)
			ReleaseScriptCaches (2ms)
			RebuildScriptCaches (45ms)
			SetupLoadedEditorAssemblies (391ms)
				LogAssemblyErrors (0ms)
				InitializePlatformSupportModulesInManaged (18ms)
				SetLoadedEditorAssemblies (0ms)
				RefreshPlugins (1ms)
				BeforeProcessingInitializeOnLoad (66ms)
				ProcessInitializeOnLoadAttributes (185ms)
				ProcessInitializeOnLoadMethodAttributes (118ms)
				AfterProcessingInitializeOnLoad (2ms)
				EditorAssembliesLoaded (0ms)
			ExecutionOrderSort2 (0ms)
			AwakeInstancesAfterBackupRestoration (7ms)
Platform modules already initialized, skipping
Refreshing native plugins compatible for Editor in 2.59 ms, found 4 plugins.
Preloading 0 native plugins for Editor in 0.00 ms.
Unloading 4570 Unused Serialized files (Serialized files now loaded: 0)
Unloading 41 unused Assets / (189.9 KB). Loaded Objects now: 5024.
Memory consumption went from 165.0 MB to 164.8 MB.
Total: 5.632900 ms (FindLiveObjects: 0.326200 ms CreateObjectMapping: 0.241900 ms MarkObjects: 4.934800 ms  DeleteObjects: 0.129500 ms)

AssetImportParameters requested are different than current active one (requested -> active):
  custom:video-decoder-ogg-theora: a1e56fd34408186e4bbccfd4996cb3dc -> 
  custom:container-muxer-webm: aa71ff27fc2769a1b78a27578f13a17b -> 
  custom:container-demuxer-webm: 4f35f7cbe854078d1ac9338744f61a02 -> 
  custom:video-encoder-webm-vp8: eb34c28f22e8b96e1ab97ce403110664 -> 
  custom:audio-encoder-webm-vorbis: bf7c407c2cedff20999df2af8eb42d56 -> 
  custom:framework-win-MediaFoundation: 216162199b28c13a410421893ffa2e32 -> 
  custom:container-demuxer-ogg: 62fdf1f143b41e24485cea50d1cbac27 -> 
  custom:video-decoder-webm-vp8: 9c59270c3fd7afecdb556c50c9e8de78 -> 
  custom:audio-decoder-ogg-vorbis: bf7c407c2cedff20999df2af8eb42d56 -> 
========================================================================
Received Import Request.
  Time since last request: 18.545108 seconds.
  path: Assets/_App/Prefabs/PanelPurchase.prefab
  artifactKey: Guid(665b17638f11b744aaa66153ad6c6933) Importer(815301076,1909f56bfc062723c751e8b465ee728b)
Start importing Assets/_App/Prefabs/PanelPurchase.prefab using Guid(665b17638f11b744aaa66153ad6c6933) Importer(815301076,1909f56bfc062723c751e8b465ee728b)  -> (artifact id: 'aecf3022ca75bec96431562be86bfc51') in 0.071050 seconds 
========================================================================
Received Import Request.
  Time since last request: 38.813689 seconds.
  path: Assets/PuzzleGame/Sprites/Boosters/hummer.png
  artifactKey: Guid(c90629dd8701d164096813704e2bd15f) Importer(815301076,1909f56bfc062723c751e8b465ee728b)
Start importing Assets/PuzzleGame/Sprites/Boosters/hummer.png using Guid(c90629dd8701d164096813704e2bd15f) Importer(815301076,1909f56bfc062723c751e8b465ee728b)  -> (artifact id: 'c277ffd0540b5130a90d3cab7870b91e') in 0.070031 seconds 
========================================================================
Received Import Request.
  Time since last request: 0.606637 seconds.
  path: Assets/PuzzleGame/Sprites/Custom/dice-fire.png
  artifactKey: Guid(a68475685a6cf6f42ba196885052a921) Importer(815301076,1909f56bfc062723c751e8b465ee728b)
Start importing Assets/PuzzleGame/Sprites/Custom/dice-fire.png using Guid(a68475685a6cf6f42ba196885052a921) Importer(815301076,1909f56bfc062723c751e8b465ee728b)  -> (artifact id: '7da2397431e46d26378b03d0267199bd') in 0.032844 seconds 
========================================================================
Received Import Request.
  Time since last request: 0.000018 seconds.
  path: Assets/PuzzleGame/Sprites/Custom/dice-six-faces-5.png
  artifactKey: Guid(4ac0cfe5ca1594f4d931c7373c33ba97) Importer(815301076,1909f56bfc062723c751e8b465ee728b)
Start importing Assets/PuzzleGame/Sprites/Custom/dice-six-faces-5.png using Guid(4ac0cfe5ca1594f4d931c7373c33ba97) Importer(815301076,1909f56bfc062723c751e8b465ee728b)  -> (artifact id: '1b6c48cc257d3096cae19c7c5c958c2e') in 0.025909 seconds 
========================================================================
Received Import Request.
  Time since last request: 0.000016 seconds.
  path: Assets/PuzzleGame/Sprites/Custom/inverted-dice-1.png
  artifactKey: Guid(2370819b5c3fec44ca858dc69baeeffc) Importer(815301076,1909f56bfc062723c751e8b465ee728b)
Start importing Assets/PuzzleGame/Sprites/Custom/inverted-dice-1.png using Guid(2370819b5c3fec44ca858dc69baeeffc) Importer(815301076,1909f56bfc062723c751e8b465ee728b)  -> (artifact id: '9147113a4a738f9ef2762fee07bf1c62') in 0.021015 seconds 
========================================================================
Received Import Request.
  Time since last request: 0.000019 seconds.
  path: Assets/PuzzleGame/Sprites/Custom/dice-six-faces-3.png
  artifactKey: Guid(d0d1d6818f268924db9064cc4443cba6) Importer(815301076,1909f56bfc062723c751e8b465ee728b)
Start importing Assets/PuzzleGame/Sprites/Custom/dice-six-faces-3.png using Guid(d0d1d6818f268924db9064cc4443cba6) Importer(815301076,1909f56bfc062723c751e8b465ee728b)  -> (artifact id: '45471222c75b120f5e2bc9ad732d12e0') in 0.017806 seconds 
========================================================================
Received Import Request.
  Time since last request: 0.000022 seconds.
  path: Assets/PuzzleGame/Sprites/Custom/inverted-dice-4.png
  artifactKey: Guid(a73d49b90a70e264b87619674649fe43) Importer(815301076,1909f56bfc062723c751e8b465ee728b)
Start importing Assets/PuzzleGame/Sprites/Custom/inverted-dice-4.png using Guid(a73d49b90a70e264b87619674649fe43) Importer(815301076,1909f56bfc062723c751e8b465ee728b)  -> (artifact id: '5dad29ea32ddbe16bf5da95bb395c8a9') in 0.024004 seconds 
========================================================================
Received Import Request.
  Time since last request: 0.000021 seconds.
  path: Assets/PuzzleGame/Sprites/Custom/dice-six-faces-6.png
  artifactKey: Guid(79f499b0c201b6a4a862f93f5b3e74a5) Importer(815301076,1909f56bfc062723c751e8b465ee728b)
Start importing Assets/PuzzleGame/Sprites/Custom/dice-six-faces-6.png using Guid(79f499b0c201b6a4a862f93f5b3e74a5) Importer(815301076,1909f56bfc062723c751e8b465ee728b)  -> (artifact id: '6cd70cb7566ee6b94adab411cb660a7a') in 0.023381 seconds 
========================================================================
Received Import Request.
  Time since last request: 0.000018 seconds.
  path: Assets/PuzzleGame/Sprites/Custom/dots-1.png
  artifactKey: Guid(6290865b2f3e5fc4a83457beb2f10300) Importer(815301076,1909f56bfc062723c751e8b465ee728b)
Start importing Assets/PuzzleGame/Sprites/Custom/dots-1.png using Guid(6290865b2f3e5fc4a83457beb2f10300) Importer(815301076,1909f56bfc062723c751e8b465ee728b)  -> (artifact id: '39664c9373f14e046fa4181948080a5e') in 0.016948 seconds 
========================================================================
Received Import Request.
  Time since last request: 0.000018 seconds.
  path: Assets/PuzzleGame/Sprites/Custom/perspective-dice-six-faces-1.png
  artifactKey: Guid(3ee45de91b29f794f9222f2beac7a945) Importer(815301076,1909f56bfc062723c751e8b465ee728b)
Start importing Assets/PuzzleGame/Sprites/Custom/perspective-dice-six-faces-1.png using Guid(3ee45de91b29f794f9222f2beac7a945) Importer(815301076,1909f56bfc062723c751e8b465ee728b)  -> (artifact id: 'ead11675a70cda429e533d9215796cca') in 0.020813 seconds 
========================================================================
Received Import Request.
  Time since last request: 0.000014 seconds.
  path: Assets/PuzzleGame/Sprites/Custom/perspective-dice-2.png
  artifactKey: Guid(eb1fffdcae1f9d6409f3997785cc4711) Importer(815301076,1909f56bfc062723c751e8b465ee728b)
Start importing Assets/PuzzleGame/Sprites/Custom/perspective-dice-2.png using Guid(eb1fffdcae1f9d6409f3997785cc4711) Importer(815301076,1909f56bfc062723c751e8b465ee728b)  -> (artifact id: '4eeda0cfca02dd8ba665f10c64a6bdc6') in 0.020183 seconds 
========================================================================
Received Import Request.
  Time since last request: 0.000019 seconds.
  path: Assets/PuzzleGame/Sprites/Custom/inverted-dice-3.png
  artifactKey: Guid(0401d696eba15be49963b8ad4f82d8f8) Importer(815301076,1909f56bfc062723c751e8b465ee728b)
Start importing Assets/PuzzleGame/Sprites/Custom/inverted-dice-3.png using Guid(0401d696eba15be49963b8ad4f82d8f8) Importer(815301076,1909f56bfc062723c751e8b465ee728b)  -> (artifact id: 'b79553a275f888bf01fe9ed55febbd46') in 0.016427 seconds 
========================================================================
Received Import Request.
  Time since last request: 0.000022 seconds.
  path: Assets/PuzzleGame/Sprites/Custom/dots-4.png
  artifactKey: Guid(85ce56e941c4b9e43b31f15be1269769) Importer(815301076,1909f56bfc062723c751e8b465ee728b)
Start importing Assets/PuzzleGame/Sprites/Custom/dots-4.png using Guid(85ce56e941c4b9e43b31f15be1269769) Importer(815301076,1909f56bfc062723c751e8b465ee728b)  -> (artifact id: '394846802c4b07ccbee79ddaecc22799') in 0.016307 seconds 
========================================================================
Received Import Request.
  Time since last request: 0.000017 seconds.
  path: Assets/PuzzleGame/Sprites/Custom/perspective-dice-6.png
  artifactKey: Guid(1f4e0bb56daf260498eb89a3aeda7d30) Importer(815301076,1909f56bfc062723c751e8b465ee728b)
Start importing Assets/PuzzleGame/Sprites/Custom/perspective-dice-6.png using Guid(1f4e0bb56daf260498eb89a3aeda7d30) Importer(815301076,1909f56bfc062723c751e8b465ee728b)  -> (artifact id: '890ebde15ae6c28498f82de725808cdf') in 0.027951 seconds 
========================================================================
Received Import Request.
  Time since last request: 0.000019 seconds.
  path: Assets/PuzzleGame/Sprites/Custom/dots-2.png
  artifactKey: Guid(da04c4b968605314f8117f4cac6cc002) Importer(815301076,1909f56bfc062723c751e8b465ee728b)
Start importing Assets/PuzzleGame/Sprites/Custom/dots-2.png using Guid(da04c4b968605314f8117f4cac6cc002) Importer(815301076,1909f56bfc062723c751e8b465ee728b)  -> (artifact id: '128cfaa5f035a8fad1bd0c825222ea07') in 0.021830 seconds 
========================================================================
Received Import Request.
  Time since last request: 0.000023 seconds.
  path: Assets/PuzzleGame/Sprites/Custom/perspective-dice-1.png
  artifactKey: Guid(c24d87d80813daa44989170ead2b54c4) Importer(815301076,1909f56bfc062723c751e8b465ee728b)
Start importing Assets/PuzzleGame/Sprites/Custom/perspective-dice-1.png using Guid(c24d87d80813daa44989170ead2b54c4) Importer(815301076,1909f56bfc062723c751e8b465ee728b)  -> (artifact id: '37a12206a19d3397d994ac44dd287b2e') in 0.050770 seconds 
========================================================================
Received Import Request.
  Time since last request: 0.000019 seconds.
  path: Assets/PuzzleGame/Sprites/Custom/dice-six-faces-4.png
  artifactKey: Guid(7f8e709160f5e2c458218943decc449a) Importer(815301076,1909f56bfc062723c751e8b465ee728b)
Start importing Assets/PuzzleGame/Sprites/Custom/dice-six-faces-4.png using Guid(7f8e709160f5e2c458218943decc449a) Importer(815301076,1909f56bfc062723c751e8b465ee728b)  -> (artifact id: 'd2fde4ea49e76e1dbd49a463b57bec7e') in 0.037881 seconds 
========================================================================
Received Import Request.
  Time since last request: 0.000016 seconds.
  path: Assets/PuzzleGame/Sprites/Custom/perspective-dice-six-faces-4.png
  artifactKey: Guid(e64b0bc4e7d44da4a85e842e067c6159) Importer(815301076,1909f56bfc062723c751e8b465ee728b)
Start importing Assets/PuzzleGame/Sprites/Custom/perspective-dice-six-faces-4.png using Guid(e64b0bc4e7d44da4a85e842e067c6159) Importer(815301076,1909f56bfc062723c751e8b465ee728b)  -> (artifact id: '33d646478d063993115c0646b70b457a') in 0.031970 seconds 
========================================================================
Received Import Request.
  Time since last request: 0.000016 seconds.
  path: Assets/PuzzleGame/Sprites/Custom/rolling-dices.png
  artifactKey: Guid(7be590ba05403494cb77190eea75d4a4) Importer(815301076,1909f56bfc062723c751e8b465ee728b)
Start importing Assets/PuzzleGame/Sprites/Custom/rolling-dices.png using Guid(7be590ba05403494cb77190eea75d4a4) Importer(815301076,1909f56bfc062723c751e8b465ee728b)  -> (artifact id: '1a5b157427f509909dfcbb1ce97ca100') in 0.028181 seconds 
========================================================================
Received Import Request.
  Time since last request: 70.246856 seconds.
  path: Assets/PuzzleGame/Sprites/Custom
  artifactKey: Guid(fd0a4b64acc6bde4db78a13637ffcf4e) Importer(815301076,1909f56bfc062723c751e8b465ee728b)
Start importing Assets/PuzzleGame/Sprites/Custom using Guid(fd0a4b64acc6bde4db78a13637ffcf4e) Importer(815301076,1909f56bfc062723c751e8b465ee728b)  -> (artifact id: 'd7e47ab3116e7a25225bec95133ccf65') in 0.004392 seconds 
========================================================================
Received Import Request.
  Time since last request: 51.387936 seconds.
  path: Assets/PuzzleGame/Sprites/Circle.asset
  artifactKey: Guid(aea3cfb2cd797f7488605d84b9ca51db) Importer(815301076,1909f56bfc062723c751e8b465ee728b)
Start importing Assets/PuzzleGame/Sprites/Circle.asset using Guid(aea3cfb2cd797f7488605d84b9ca51db) Importer(815301076,1909f56bfc062723c751e8b465ee728b)  -> (artifact id: '7f53dad4065cfb9bb3c143ccc532b1ef') in 0.003764 seconds 
